01:30:30 **** Build of configuration Default for project tensorrtSamples ****
make sampleMnist -C /home/cuterbot/sync_projects/tensorrtSamples 
make: Entering directory '/home/cuterbot/sync_projects/tensorrtSamples'
samples=sampleMNIST
cd samples/sampleMNIST; make 
make[1]: Entering directory '/home/cuterbot/sync_projects/tensorrtSamples/samples/sampleMNIST'
if [ ! -d ../../bin/dchobj ]; then mkdir -p ../../bin/dchobj; fi
if [ ! -d ../../bin/chobj/../common ]; then mkdir -p ../../bin/dchobj/../common; fi; :
g++ -MM -MF ../../bin/dchobj/sampleMNIST.d -MP -MT ../../bin/dchobj/sampleMNIST.o -Wall -Wno-deprecated-declarations -std=c++11  -I"../common" -I"/usr/local/cuda/include" -I"/usr/local/cuda/include" -I"../include" -I"../../include" -D_REENTRANT sampleMNIST.cpp
Compiling: sampleMNIST.cpp
g++ -Wall -Wno-deprecated-declarations -std=c++11  -I"../common" -I"/usr/local/cuda/include" -I"/usr/local/cuda/include" -I"../include" -I"../../include" -D_REENTRANT -g -c -o ../../bin/dchobj/sampleMNIST.o sampleMNIST.cpp
Linking: ../../bin/sample_mnist_debug
g++ -o ../../bin/sample_mnist_debug ../../bin/dchobj/sampleMNIST.o ../../bin/dchobj/../common/sampleOptions.o ../../bin/dchobj/../common/logger.o ../../bin/dchobj/../common/getOptions.o ../../bin/dchobj/../common/sampleEngines.o  -L"/usr/local/cuda/lib64" -L"/usr/local/cuda/lib64" -L"../lib" -L"../../lib" -L../../bin -Wl,--start-group -lnvinfer -lnvparsers -lnvinfer_plugin -lnvonnxparser -lcudnn -lcublas -lcudart -lrt -ldl -lpthread -Wl,--end-group
if [ ! -d ../../bin/chobj ]; then mkdir -p ../../bin/chobj; fi
if [ ! -d ../../bin/chobj/../common ]; then mkdir -p ../../bin/chobj/../common; fi; :
g++ -MM -MF ../../bin/chobj/sampleMNIST.d -MP -MT ../../bin/chobj/sampleMNIST.o -Wall -Wno-deprecated-declarations -std=c++11  -I"../common" -I"/usr/local/cuda/include" -I"/usr/local/cuda/include" -I"../include" -I"../../include" -D_REENTRANT sampleMNIST.cpp
Compiling: sampleMNIST.cpp
g++ -Wall -Wno-deprecated-declarations -std=c++11  -I"../common" -I"/usr/local/cuda/include" -I"/usr/local/cuda/include" -I"../include" -I"../../include" -D_REENTRANT -c -o ../../bin/chobj/sampleMNIST.o sampleMNIST.cpp
Linking: ../../bin/sample_mnist
g++ -o ../../bin/sample_mnist ../../bin/chobj/sampleMNIST.o ../../bin/chobj/../common/sampleOptions.o ../../bin/chobj/../common/logger.o ../../bin/chobj/../common/getOptions.o ../../bin/chobj/../common/sampleEngines.o  -L"/usr/local/cuda/lib64" -L"/usr/local/cuda/lib64" -L"../lib" -L"../../lib" -L../../bin -Wl,--start-group -lnvinfer -lnvparsers -lnvinfer_plugin -lnvonnxparser -lcudnn -lcublas -lcudart -lrt -ldl -lpthread -Wl,--end-group
# Copy every EXTRA_FILE of this sample to bin dir
make[1]: Leaving directory '/home/cuterbot/sync_projects/tensorrtSamples/samples/sampleMNIST'
cd bin; ./sample_mnist
&&&& RUNNING TensorRT.sample_mnist # ./sample_mnist
[01/10/2020-01:30:42] [I] Building and running a GPU inference engine for MNIST
[01/10/2020-01:30:47] [I] [TRT] Detected 1 inputs and 1 output network tensors.
[01/10/2020-01:30:47] [I] Input:
@@@@@@@@@@@@@@@@@@@@@@@@@@@@
@@@@@@@@@@@@@@@@@@@@@@@@@@@@
@@@@@@@@@@@@@@@@@@@@@@@@@@@@
@@@@@@@@@@@@@@@@@@@@@@@@@@@@
@@@@@@@@@@@@@@@@@@@@@@@@@@@@
@@@@@@@@@@=   ++++#++=*@@@@@
@@@@@@@@#.            *@@@@@
@@@@@@@@=             *@@@@@
@@@@@@@@.   .. ...****%@@@@@
@@@@@@@@: .%@@#@@@@@@@@@@@@@
@@@@@@@%  -@@@@@@@@@@@@@@@@@
@@@@@@@%  -@@*@@@*@@@@@@@@@@
@@@@@@@#  :#- ::. ::=@@@@@@@
@@@@@@@-             -@@@@@@
@@@@@@%.              *@@@@@
@@@@@@#     :==*+==   *@@@@@
@@@@@@%---%%@@@@@@@.  *@@@@@
@@@@@@@@@@@@@@@@@@@+  *@@@@@
@@@@@@@@@@@@@@@@@@@=  *@@@@@
@@@@@@@@@@@@@@@@@@*   *@@@@@
@@@@@%+%@@@@@@@@%.   .%@@@@@
@@@@@*  .******=    -@@@@@@@
@@@@@*             .#@@@@@@@
@@@@@*            =%@@@@@@@@
@@@@@@%#+++=     =@@@@@@@@@@
@@@@@@@@@@@@@@@@@@@@@@@@@@@@
@@@@@@@@@@@@@@@@@@@@@@@@@@@@
@@@@@@@@@@@@@@@@@@@@@@@@@@@@

[01/10/2020-01:30:47] [I] Output:
0: 
1: 
2: 
3: 
4: 
5: **********
6: 
7: 
8: 
9: 

&&&& PASSED TensorRT.sample_mnist # ./sample_mnist
make: Leaving directory '/home/cuterbot/sync_projects/tensorrtSamples'
> Shell Completed (exit code = 0)

01:30:48 Build Finished (took 17s.681ms)

